TN:
SF:script/Config.s.sol
DA:8,18
FN:8,Config.run
FNDA:18,Config.run
DA:9,18
BRDA:9,0,0,-
BRDA:9,0,1,18
DA:10,0
DA:11,18
BRDA:11,1,0,-
BRDA:11,1,1,18
DA:12,0
DA:14,18
DA:18,0
FN:18,Config.getEthMainnetConfiguration
FNDA:0,Config.getEthMainnetConfiguration
DA:19,0
DA:22,0
FN:22,Config.getAmoyTestnetConfiguration
FNDA:0,Config.getAmoyTestnetConfiguration
DA:23,0
DA:24,0
DA:27,18
FN:27,Config.getAnvilLocalConfiguration
FNDA:18,Config.getAnvilLocalConfiguration
DA:28,18
DA:29,18
FNF:4
FNH:2
LF:14
LH:7
BRF:4
BRH:2
end_of_record
TN:
SF:script/Deploy.s.sol
DA:22,18
FN:22,Deploy.run
FNDA:18,Deploy.run
DA:23,18
DA:24,18
DA:26,18
DA:29,18
DA:32,18
DA:35,18
FNF:1
FNH:1
LF:7
LH:7
BRF:0
BRH:0
end_of_record
TN:
SF:src/CollateralToken.sol
DA:53,14
FN:53,CollateralToken.moreThanZero
FNDA:14,CollateralToken.moreThanZero
DA:54,14
BRDA:54,0,0,1
DA:55,1
DA:65,13
FN:65,CollateralToken.isValidAddress
FNDA:13,CollateralToken.isValidAddress
DA:66,13
BRDA:66,1,0,1
DA:67,1
DA:88,7
FN:88,CollateralToken.burn
FNDA:7,CollateralToken.burn
DA:89,4
DA:90,4
DA:100,16
FN:100,CollateralToken.mint
FNDA:16,CollateralToken.mint
DA:107,12
DA:108,12
DA:111,4
FN:111,CollateralToken.pause
FNDA:4,CollateralToken.pause
DA:112,4
DA:115,2
FN:115,CollateralToken.unpause
FNDA:2,CollateralToken.unpause
DA:116,2
FNF:6
FNH:6
LF:16
LH:16
BRF:2
BRH:2
end_of_record
TN:
SF:src/StabilityEngine.sol
DA:93,4
FN:93,StabilityEngine.moreThanZero
FNDA:4,StabilityEngine.moreThanZero
DA:94,4
BRDA:94,0,0,1
DA:95,1
DA:107,18
FN:107,StabilityEngine.constructor
FNDA:18,StabilityEngine.constructor
DA:108,18
DA:109,18
DA:123,4
FN:123,StabilityEngine.depositCollateral
FNDA:4,StabilityEngine.depositCollateral
DA:128,3
DA:138,3
FN:138,StabilityEngine.redeemCollateral
FNDA:3,StabilityEngine.redeemCollateral
DA:143,2
DA:156,2
FN:156,StabilityEngine._mintAndTransferCollateralToken
FNDA:2,StabilityEngine._mintAndTransferCollateralToken
DA:157,2
BRDA:157,1,0,1
DA:158,1
DA:160,1
DA:161,1
DA:162,1
DA:171,3
FN:171,StabilityEngine._depositAndBurnCollateral
FNDA:3,StabilityEngine._depositAndBurnCollateral
DA:172,3
DA:174,2
DA:176,2
DA:178,2
DA:189,3
FN:189,StabilityEngine._transferFrom
FNDA:3,StabilityEngine._transferFrom
DA:190,3
DA:191,2
BRDA:191,2,0,-
DA:192,0
DA:203,3
FN:203,StabilityEngine._changeValueInUsd
FNDA:3,StabilityEngine._changeValueInUsd
DA:204,3
DA:205,3
DA:206,3
DA:208,2
BRDA:208,3,0,2
BRDA:208,3,1,1
DA:209,2
DA:211,1
DA:225,3
FN:225,StabilityEngine._getValueInUsd
FNDA:3,StabilityEngine._getValueInUsd
DA:226,3
DA:228,3
DA:237,1
FN:237,StabilityEngine._getAmountOfTokens
FNDA:1,StabilityEngine._getAmountOfTokens
DA:238,1
DA:239,1
DA:247,4
FN:247,StabilityEngine._getLastPriceOfCollateralTokenWithoutPrecision
FNDA:4,StabilityEngine._getLastPriceOfCollateralTokenWithoutPrecision
DA:248,4
DA:249,4
DA:252,18
FN:252,StabilityEngine.getCollateralTokenAddress
FNDA:18,StabilityEngine.getCollateralTokenAddress
DA:253,18
DA:256,3
FN:256,StabilityEngine.getDollarsAmount
FNDA:3,StabilityEngine.getDollarsAmount
DA:257,3
DA:260,6
FN:260,StabilityEngine.getPriceFeedAddress
FNDA:6,StabilityEngine.getPriceFeedAddress
DA:261,6
FNF:14
FNH:14
LF:47
LH:46
BRF:5
BRH:4
end_of_record
TN:
SF:test/mocks/MockV3AggregatorOwnable.sol
DA:27,18
FN:27,MockV3AggregatorOwnable.constructor
FNDA:18,MockV3AggregatorOwnable.constructor
DA:28,18
DA:29,18
DA:32,18
FN:32,MockV3AggregatorOwnable.updateAnswer
FNDA:18,MockV3AggregatorOwnable.updateAnswer
DA:33,18
DA:34,18
DA:35,18
DA:36,18
DA:37,18
DA:38,18
DA:41,0
FN:41,MockV3AggregatorOwnable.updateRoundData
FNDA:0,MockV3AggregatorOwnable.updateRoundData
DA:45,0
DA:46,0
DA:47,0
DA:48,0
DA:49,0
DA:50,0
DA:53,0
FN:53,MockV3AggregatorOwnable.getRoundData
FNDA:0,MockV3AggregatorOwnable.getRoundData
DA:58,0
DA:61,4
FN:61,MockV3AggregatorOwnable.latestRoundData
FNDA:4,MockV3AggregatorOwnable.latestRoundData
DA:66,4
DA:75,0
FN:75,MockV3AggregatorOwnable.description
FNDA:0,MockV3AggregatorOwnable.description
DA:76,0
FNF:6
FNH:3
LF:23
LH:12
BRF:0
BRH:0
end_of_record
