TN:
SF:script/Config.s.sol
DA:28,28
FN:28,Config.run
FNDA:28,Config.run
DA:29,28
BRDA:29,0,0,-
BRDA:29,0,1,28
DA:30,0
DA:31,28
BRDA:31,1,0,-
BRDA:31,1,1,28
DA:32,0
DA:34,28
DA:43,0
FN:43,Config.getEthMainnetConfiguration
FNDA:0,Config.getEthMainnetConfiguration
DA:44,0
DA:52,0
FN:52,Config.getAmoyTestnetConfiguration
FNDA:0,Config.getAmoyTestnetConfiguration
DA:53,0
DA:56,0
DA:63,28
FN:63,Config.getAnvilLocalConfiguration
FNDA:28,Config.getAnvilLocalConfiguration
DA:64,28
DA:66,28
DA:67,28
DA:68,28
DA:70,28
DA:72,28
FNF:4
FNH:2
LF:18
LH:11
BRF:4
BRH:2
end_of_record
TN:
SF:script/Deploy.s.sol
DA:25,28
FN:25,Deploy.run
FNDA:28,Deploy.run
DA:26,28
DA:27,28
DA:28,28
DA:29,28
DA:31,28
BRDA:31,0,0,28
DA:32,28
DA:36,0
DA:39,0
DA:40,0
DA:43,0
DA:45,0
DA:46,0
DA:49,0
DA:52,28
FN:52,Deploy.runOnAnvilMode
FNDA:28,Deploy.runOnAnvilMode
DA:56,28
DA:57,28
DA:58,28
DA:59,28
DA:61,28
DA:64,28
DA:65,28
DA:68,28
DA:70,28
DA:71,28
DA:72,28
DA:74,28
DA:75,28
DA:77,28
DA:78,28
DA:81,28
DA:83,28
DA:84,28
DA:86,28
FNF:2
FNH:2
LF:34
LH:27
BRF:1
BRH:1
end_of_record
TN:
SF:src/CollateralToken.sol
DA:53,24896
FN:53,CollateralToken.moreThanZero
FNDA:24896,CollateralToken.moreThanZero
DA:54,24896
BRDA:54,0,0,1
DA:55,1
DA:65,24895
FN:65,CollateralToken.isValidAddress
FNDA:24895,CollateralToken.isValidAddress
DA:66,24895
BRDA:66,1,0,1
DA:67,1
DA:88,17049
FN:88,CollateralToken.burn
FNDA:17049,CollateralToken.burn
DA:89,17049
DA:90,17049
DA:100,24894
FN:100,CollateralToken.mint
FNDA:24894,CollateralToken.mint
DA:107,24894
DA:108,24894
DA:111,4
FN:111,CollateralToken.pause
FNDA:4,CollateralToken.pause
DA:112,0
DA:115,2
FN:115,CollateralToken.unpause
FNDA:2,CollateralToken.unpause
DA:116,0
FNF:6
FNH:6
LF:16
LH:14
BRF:2
BRH:2
end_of_record
TN:
SF:src/StabilityEngine.sol
DA:106,17049
FN:106,StabilityEngine.moreThanZero
FNDA:17049,StabilityEngine.moreThanZero
DA:107,17049
BRDA:107,0,0,1
DA:108,1
DA:121,28
FN:121,StabilityEngine.constructor
FNDA:28,StabilityEngine.constructor
DA:122,28
DA:123,28
DA:137,17048
FN:137,StabilityEngine.depositCollateral
FNDA:17048,StabilityEngine.depositCollateral
DA:142,17048
DA:152,7840
FN:152,StabilityEngine.redeemCollateral
FNDA:7840,StabilityEngine.redeemCollateral
DA:153,7840
DA:165,7840
FN:165,StabilityEngine._mintAndTransferCollateralToken
FNDA:7840,StabilityEngine._mintAndTransferCollateralToken
DA:166,7840
BRDA:166,1,0,2
DA:167,2
DA:169,7838
DA:170,7838
DA:171,7838
DA:173,7838
DA:181,17048
FN:181,StabilityEngine._depositAndBurnCollateral
FNDA:17048,StabilityEngine._depositAndBurnCollateral
DA:182,17048
DA:183,17047
DA:184,17047
DA:186,17047
DA:188,17047
DA:199,17048
FN:199,StabilityEngine._transferFrom
FNDA:17048,StabilityEngine._transferFrom
DA:200,17048
DA:201,17047
BRDA:201,2,0,-
DA:202,0
DA:212,24885
FN:212,StabilityEngine._changeValueInUsd
FNDA:24885,StabilityEngine._changeValueInUsd
DA:213,24885
DA:214,24885
DA:216,17047
BRDA:216,3,0,17047
BRDA:216,3,1,7838
DA:217,17047
DA:219,7838
DA:220,7838
DA:222,24885
DA:234,39736
FN:234,StabilityEngine._getValueInUsd
FNDA:39736,StabilityEngine._getValueInUsd
DA:235,39736
DA:236,39736
DA:244,7838
FN:244,StabilityEngine._getAmountOfTokens
FNDA:7838,StabilityEngine._getAmountOfTokens
DA:245,7838
DA:246,7838
DA:254,62396
FN:254,StabilityEngine._getLastPriceOfCollateralTokenWithoutPrecision
FNDA:62396,StabilityEngine._getLastPriceOfCollateralTokenWithoutPrecision
DA:255,62396
DA:256,62396
DA:266,23
FN:266,StabilityEngine.getCollateralTokenAddress
FNDA:23,StabilityEngine.getCollateralTokenAddress
DA:267,23
DA:273,18803
FN:273,StabilityEngine.getDollarsAmount
FNDA:18803,StabilityEngine.getDollarsAmount
DA:274,18803
DA:280,12355
FN:280,StabilityEngine.getPriceFeedAddress
FNDA:12355,StabilityEngine.getPriceFeedAddress
DA:281,12355
DA:287,14851
FN:287,StabilityEngine.getTokenValue
FNDA:14851,StabilityEngine.getTokenValue
DA:288,14851
DA:294,14822
FN:294,StabilityEngine.getFullTokenValue
FNDA:14822,StabilityEngine.getFullTokenValue
DA:295,14822
FNF:16
FNH:16
LF:54
LH:53
BRF:5
BRH:4
end_of_record
TN:
SF:src/TestnetPriceRandomUpdate.sol
DA:32,28
FN:32,TestnetPriceRandomUpdate.constructor
FNDA:28,TestnetPriceRandomUpdate.constructor
DA:41,28
DA:42,28
DA:44,28
DA:45,28
DA:46,28
DA:47,28
DA:48,28
DA:50,28
DA:53,2
FN:53,TestnetPriceRandomUpdate.checkUpkeep
FNDA:2,TestnetPriceRandomUpdate.checkUpkeep
DA:59,2
DA:62,3
FN:62,TestnetPriceRandomUpdate.performUpkeep
FNDA:3,TestnetPriceRandomUpdate.performUpkeep
DA:63,3
BRDA:63,0,0,2
BRDA:63,0,1,-
DA:64,2
DA:75,2
DA:76,2
DA:77,2
DA:79,1
DA:83,1
FN:83,TestnetPriceRandomUpdate.fulfillRandomWords
FNDA:1,TestnetPriceRandomUpdate.fulfillRandomWords
DA:85,1
DA:86,1
DA:88,1
DA:89,1
DA:92,0
FN:92,TestnetPriceRandomUpdate.getLastTimestamp
FNDA:0,TestnetPriceRandomUpdate.getLastTimestamp
DA:93,0
DA:96,1
FN:96,TestnetPriceRandomUpdate.getLastPricesByIndex
FNDA:1,TestnetPriceRandomUpdate.getLastPricesByIndex
DA:97,1
DA:100,1
FN:100,TestnetPriceRandomUpdate.getLastRequestId
FNDA:1,TestnetPriceRandomUpdate.getLastRequestId
DA:101,1
DA:104,0
FN:104,TestnetPriceRandomUpdate.getPriceFeedAddress
FNDA:0,TestnetPriceRandomUpdate.getPriceFeedAddress
DA:105,0
FNF:8
FNH:6
LF:31
LH:27
BRF:2
BRH:1
end_of_record
TN:
SF:test/fuzz/failOnRevert/FailOnRevertHandler.t.sol
DA:38,2
FN:38,FailOnRevertHandler.constructor
FNDA:2,FailOnRevertHandler.constructor
DA:39,2
DA:40,2
DA:48,13600
FN:48,FailOnRevertHandler.mintAndDepositCollateral
FNDA:13600,FailOnRevertHandler.mintAndDepositCollateral
DA:50,13600
DA:53,13600
DA:54,13600
DA:57,13600
DA:58,13600
DA:59,13600
DA:60,13600
DA:63,13600
DA:71,6978
FN:71,FailOnRevertHandler.redeemCollateral
FNDA:6978,FailOnRevertHandler.redeemCollateral
DA:73,6978
DA:77,6978
DA:81,6978
DA:82,6978
DA:83,1
BRDA:83,0,0,1
DA:84,1
DA:86,6977
DA:87,0
DA:88,6977
DA:89,6977
DA:90,6977
DA:91,6977
DA:92,6977
DA:93,6977
DA:94,6977
DA:97,6977
DA:105,6600
FN:105,FailOnRevertHandler.updatePriceFeed
FNDA:6600,FailOnRevertHandler.updatePriceFeed
DA:107,6600
DA:110,6600
DA:111,6600
BRDA:111,1,0,202
DA:112,202
DA:113,202
DA:117,6600
DA:118,6600
DA:121,6600
FNF:4
FNH:4
LF:38
LH:37
BRF:2
BRH:2
end_of_record
TN:
SF:test/fuzz/failOnRevert/FailOnRevertOneToOneHandler.t.sol
DA:49,1
FN:49,FailOnRevertOneToOneHandler.constructor
FNDA:1,FailOnRevertOneToOneHandler.constructor
DA:50,1
DA:51,1
DA:59,3443
FN:59,FailOnRevertOneToOneHandler.mintAndDepositCollateral
FNDA:3443,FailOnRevertOneToOneHandler.mintAndDepositCollateral
DA:60,3443
DA:63,3443
DA:64,3443
DA:67,3443
DA:68,3443
DA:69,3443
DA:70,3443
DA:73,3443
DA:74,3443
DA:75,3443
DA:77,3443
DA:85,5747
FN:85,FailOnRevertOneToOneHandler.updatePriceFeed
FNDA:5747,FailOnRevertOneToOneHandler.updatePriceFeed
DA:86,5747
DA:87,5747
DA:90,5747
BRDA:90,0,0,101
DA:91,101
DA:92,101
DA:96,5747
DA:97,5747
DA:99,5747
DA:107,3332
FN:107,FailOnRevertOneToOneHandler.checkOneToOneRatio
FNDA:3332,FailOnRevertOneToOneHandler.checkOneToOneRatio
DA:109,3332
DA:110,14015
BRDA:110,1,0,24
DA:111,24
DA:116,3308
DA:117,2422
DA:118,2422
DA:119,2422
DA:120,2422
DA:123,2422
DA:124,2422
DA:125,2422
DA:127,2422
DA:130,2422
DA:133,2422
DA:134,2422
DA:138,2422
DA:139,2262
DA:140,1563
BRDA:140,2,0,1563
DA:141,1563
DA:144,859
DA:145,859
DA:147,859
DA:148,859
DA:151,859
DA:152,859
DA:155,859
BRDA:155,3,0,-
DA:156,0
DA:157,0
DA:161,859
DA:162,859
DA:163,1714
DA:165,859
DA:166,859
DA:168,859
FNF:4
FNH:4
LF:59
LH:57
BRF:4
BRH:3
end_of_record
TN:
SF:test/mocks/MockV3AggregatorOwnable.sol
DA:39,28
FN:39,MockV3AggregatorOwnable.constructor
FNDA:28,MockV3AggregatorOwnable.constructor
DA:40,28
DA:41,28
DA:49,12377
FN:49,MockV3AggregatorOwnable.updateAnswer
FNDA:12377,MockV3AggregatorOwnable.updateAnswer
DA:50,12377
DA:51,12377
DA:52,12377
DA:53,12377
DA:54,12377
DA:55,12377
DA:66,0
FN:66,MockV3AggregatorOwnable.updateRoundData
FNDA:0,MockV3AggregatorOwnable.updateRoundData
DA:70,0
DA:71,0
DA:72,0
DA:73,0
DA:74,0
DA:75,0
DA:87,0
FN:87,MockV3AggregatorOwnable.getRoundData
FNDA:0,MockV3AggregatorOwnable.getRoundData
DA:92,0
DA:103,62396
FN:103,MockV3AggregatorOwnable.latestRoundData
FNDA:62396,MockV3AggregatorOwnable.latestRoundData
DA:108,62396
DA:121,0
FN:121,MockV3AggregatorOwnable.description
FNDA:0,MockV3AggregatorOwnable.description
DA:122,0
FNF:6
FNH:3
LF:23
LH:12
BRF:0
BRH:0
end_of_record
